Build started 2016/7/4 14:06:44.
     1>Project "D:\liruilong\vectoon_lrl_qt\vectoon_lrl_qt\vectoon_lrl_qt.vcxproj" on node 2 (Build target(s)).
     1>ClCompile:
         C:\Program Files (x86)\Microsoft Visual Studio 12.0\VC\bin\CL.exe /c /I.\GeneratedFiles /I. /IC:\Qt\Qt5.4.2\5.4\msvc2013_opengl\include /I.\GeneratedFiles\Debug /IC:\Qt\Qt5.4.2\5.4\msvc2013_opengl\include\QtCore /IC:\Qt\Qt5.4.2\5.4\msvc2013_opengl\include\QtGui /IC:\Qt\Qt5.4.2\5.4\msvc2013_opengl\include\QtWidgets /IC:\Qt\Qt5.4.2\5.4\msvc2013_opengl\include\QtMultimedia /IC:\Qt\Qt5.4.2\5.4\msvc2013_opengl\include\QtMultimediaWidgets /Zi /nologo /W1 /WX- /Od /Oy- /D UNICODE /D WIN32 /D WIN64 /D QT_DLL /D QT_CORE_LIB /D QT_GUI_LIB /D QT_WIDGETS_LIB /D QT_MULTIMEDIA_LIB /D QT_MULTIMEDIAWIDGETS_LIB /Gm- /EHsc /MDd /GS /fp:precise /Zc:wchar_t /Zc:forScope /Fo"Debug\\" /Fd"Debug\vc120.pdb" /Gd /TP /analyze- /errorReport:prompt main.cpp
         main.cpp
       Link:
         C:\Program Files (x86)\Microsoft Visual Studio 12.0\VC\bin\link.exe /ERRORREPORT:PROMPT /OUT:"D:\liruilong\vectoon_lrl_qt\Win32\Debug\\vectoon_lrl_qt.exe" /NOLOGO /LIBPATH:C:\Qt\Qt5.4.2\5.4\msvc2013_opengl\lib qtmaind.lib Qt5Cored.lib Qt5Guid.lib Qt5Widgetsd.lib Qt5Multimediad.lib Qt5MultimediaWidgetsd.lib opencv_calib3d248d.lib opencv_contrib248d.lib opencv_core248d.lib opencv_features2d248d.lib opencv_flann248d.lib opencv_gpu248d.lib opencv_highgui248d.lib opencv_imgproc248d.lib opencv_legacy248d.lib opencv_ml248d.lib opencv_objdetect248d.lib opencv_ts248d.lib opencv_video248d.lib opencv_nonfree248d.lib qtmaind.lib Qt5Cored.lib Qt5Guid.lib Qt5Multimediad.lib Qt5MultimediaWidgetsd.lib Qt5PrintSupportd.lib Qt5Widgetsd.lib kernel32.lib user32.lib gdi32.lib winspool.lib comdlg32.lib advapi32.lib shell32.lib ole32.lib oleaut32.lib uuid.lib odbc32.lib odbccp32.lib /MANIFEST /MANIFESTUAC:"level='asInvoker' uiAccess='false'" /manifest:embed /DEBUG /PDB:"D:\liruilong\vectoon_lrl_qt\Win32\Debug\vectoon_lrl_qt.pdb" /SUBSYSTEM:WINDOWS /TLBID:1 /DYNAMICBASE /NXCOMPAT /IMPLIB:"D:\liruilong\vectoon_lrl_qt\Win32\Debug\vectoon_lrl_qt.lib" /MACHINE:X86 /SAFESEH Debug\CmConsoleWindow.obj
         Debug\moc_Mainwindow.obj
         Debug\moc_Video_Player.obj
         Debug\qrc_vectoon_lrl_qt.obj
         Debug\main.obj
         Debug\Mainwindow.obj
         Debug\imgfeatures.obj
         Debug\kdtree.obj
         Debug\minpq.obj
         Debug\sift.obj
         Debug\siftmatch.obj
         Debug\utils.obj
         Debug\xform.obj
         Debug\Video_Player.obj
         Debug\Video_Vector.obj
         vectoon_lrl_qt.vcxproj -> D:\liruilong\vectoon_lrl_qt\Win32\Debug\vectoon_lrl_qt.exe
     1>Done Building Project "D:\liruilong\vectoon_lrl_qt\vectoon_lrl_qt\vectoon_lrl_qt.vcxproj" (Build target(s)).

Build succeeded.

Time Elapsed 00:00:02.40
